<?xml version="1.0" encoding="UTF-8"?>
<!-- Generated by org.testng.reporters.JUnitReportReporter -->
<testsuite hostname="DESKTOP-P9RLJ9V" name="tests.createAcc" tests="1" failures="0" timestamp="26 Jan 2018 04:10:00 GMT" time="6.888" errors="0">
  <testcase name="maintest" time="6.888" classname="tests.createAcc"/>
</testsuite> <!-- tests.createAcc -->
